[debug] [2024-02-26T17:13:07.062Z] ----------------------------------------------------------------------
[debug] [2024-02-26T17:13:07.064Z] Command:       C:\Program Files\nodejs\node.exe C:\Users\haker\AppData\Roaming\npm\node_modules\firebase-tools\lib\bin\firebase.js init
[debug] [2024-02-26T17:13:07.064Z] CLI Version:   13.3.1
[debug] [2024-02-26T17:13:07.064Z] Platform:      win32
[debug] [2024-02-26T17:13:07.065Z] Node Version:  v20.10.0
[debug] [2024-02-26T17:13:07.065Z] Time:          Mon Feb 26 2024 23:13:07 GMT+0600 (Киргизия)
[debug] [2024-02-26T17:13:07.065Z] ----------------------------------------------------------------------
[debug] 
[debug] [2024-02-26T17:13:07.069Z] > command requires scopes: ["email","openid","https://www.googleapis.com/auth/cloudplatformprojects.readonly","https://www.googleapis.com/auth/firebase","https://www.googleapis.com/auth/cloud-platform"]
[debug] [2024-02-26T17:13:07.069Z] > authorizing via signed-in user (holbinaiba@gmail.com)
[info] 
     ######## #### ########  ######## ########     ###     ######  ########
     ##        ##  ##     ## ##       ##     ##  ##   ##  ##       ##
     ######    ##  ########  ######   ########  #########  ######  ######
     ##        ##  ##    ##  ##       ##     ## ##     ##       ## ##
     ##       #### ##     ## ######## ########  ##     ##  ######  ########

You're about to initialize a Firebase project in this directory:

  D:\porfolio\coffee shop

[info] 
=== Project Setup
[info] 
[info] First, let's associate this project directory with a Firebase project.
[info] You can create multiple project aliases by running firebase use --add, 
[info] but for now we'll just set up a default project.
[info] 
[debug] [2024-02-26T17:14:33.384Z] >>> [apiv2][query] GET https://firebase.googleapis.com/v1beta1/projects pageSize=100
[debug] [2024-02-26T17:14:34.109Z] <<< [apiv2][status] GET https://firebase.googleapis.com/v1beta1/projects 200
[debug] [2024-02-26T17:14:34.109Z] <<< [apiv2][body] GET https://firebase.googleapis.com/v1beta1/projects [omitted]
[info] i  Using project coffee-shop-ebff0 (Coffee Shop) 
[info] 
=== Hosting Setup
[debug] [2024-02-26T17:14:49.921Z] >>> [apiv2][query] GET https://firebase.googleapis.com/v1beta1/projects/coffee-shop-ebff0 [none]
[debug] [2024-02-26T17:14:50.420Z] <<< [apiv2][status] GET https://firebase.googleapis.com/v1beta1/projects/coffee-shop-ebff0 200
[debug] [2024-02-26T17:14:50.420Z] <<< [apiv2][body] GET https://firebase.googleapis.com/v1beta1/projects/coffee-shop-ebff0 {"projectId":"coffee-shop-ebff0","projectNumber":"37142999955","displayName":"Coffee Shop","name":"projects/coffee-shop-ebff0","resources":{"hostingSite":"coffee-shop-ebff0","realtimeDatabaseInstance":"coffee-shop-ebff0-default-rtdb","storageBucket":"coffee-shop-ebff0.appspot.com","locationId":"us-central"},"state":"ACTIVE","etag":"1_d8900e59-f901-4617-951a-f14e2c09b66d"}
[info] 
[info] Your public directory is the folder (relative to your project directory) that
[info] will contain Hosting assets to be uploaded with firebase deploy. If you
[info] have a build process for your assets, use your build's output directory.
[info] 
[debug] [2024-02-26T17:16:04.455Z] >>> [apiv2][query] GET https://www.gstatic.com/firebasejs/releases.json [none]
[debug] [2024-02-26T17:16:04.731Z] <<< [apiv2][status] GET https://www.gstatic.com/firebasejs/releases.json 200
[debug] [2024-02-26T17:16:04.731Z] <<< [apiv2][body] GET https://www.gstatic.com/firebasejs/releases.json {"current":{"version":"10.8.0","browserURL":"https://www.gstatic.com/firebasejs/10.8.0/firebase.js","packageURL":"https://www.gstatic.com/firebasejs/10.8.0/firebase.tgz"},"live":{"version":"10.8","browserURL":"https://www.gstatic.com/firebasejs/live/10.8/firebase.js","packageURL":"https://www.gstatic.com/firebasejs/live/10.8/firebase.tgz"},"components":{"analytics":"https://www.gstatic.com/firebasejs/10.8.0/firebase-analytics.js","app":"https://www.gstatic.com/firebasejs/10.8.0/firebase-app.js","app-check":"https://www.gstatic.com/firebasejs/10.8.0/firebase-app-check.js","auth":"https://www.gstatic.com/firebasejs/10.8.0/firebase-auth.js","auth/cordova":"https://www.gstatic.com/firebasejs/10.8.0/firebase-auth/cordova.js","auth/web-extension":"https://www.gstatic.com/firebasejs/10.8.0/firebase-auth/web-extension.js","functions":"https://www.gstatic.com/firebasejs/10.8.0/firebase-functions.js","firestore":"https://www.gstatic.com/firebasejs/10.8.0/firebase-firestore.js","firestore/lite":"https://www.gstatic.com/firebasejs/10.8.0/firebase-firestore/lite.js","installations":"https://www.gstatic.com/firebasejs/10.8.0/firebase-installations.js","storage":"https://www.gstatic.com/firebasejs/10.8.0/firebase-storage.js","performance":"https://www.gstatic.com/firebasejs/10.8.0/firebase-performance.js","remote-config":"https://www.gstatic.com/firebasejs/10.8.0/firebase-remote-config.js","messaging":"https://www.gstatic.com/firebasejs/10.8.0/firebase-messaging.js","messaging/sw":"https://www.gstatic.com/firebasejs/10.8.0/firebase-messaging/sw.js","database":"https://www.gstatic.com/firebasejs/10.8.0/firebase-database.js","firestore.memory":"https://www.gstatic.com/firebasejs/10.8.0/firebase-firestore.memory.js"}}
[info] i  Skipping write of dist/index.html 
[info] 
[info] i  Detected a .git folder at D:\porfolio 
[info] i  Authorizing with GitHub to upload your service account to a GitHub repository's secrets store. 
[info] 
[info] Visit this URL on this device to log in:
[info] https://github.com/login/oauth/authorize?client_id=89cf50f02ac6aaed3484&state=979738778&redirect_uri=http%3A%2F%2Flocalhost%3A9005&scope=read%3Auser%20repo%20public_repo
[info] 
[info] Waiting for authentication...
[debug] [2024-02-26T17:16:31.783Z] >>> [apiv2][query] POST https://github.com/login/oauth/access_token [none]
[debug] [2024-02-26T17:16:31.783Z] >>> [apiv2][body] POST https://github.com/login/oauth/access_token [stream]
[debug] [2024-02-26T17:16:32.258Z] <<< [apiv2][status] POST https://github.com/login/oauth/access_token 200
[debug] [2024-02-26T17:16:32.258Z] <<< [apiv2][body] POST https://github.com/login/oauth/access_token {"access_token":"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","token_type":"bearer","scope":"read:user,repo"}
[debug] [2024-02-26T17:16:32.267Z] >>> [apiv2][query] GET https://api.github.com/user [none]
[debug] [2024-02-26T17:16:32.757Z] <<< [apiv2][status] GET https://api.github.com/user 200
[debug] [2024-02-26T17:16:32.757Z] <<< [apiv2][body] GET https://api.github.com/user {"login":"Holbaev","id":127023220,"node_id":"U_kgDOB5I4dA","avatar_url":"https://avatars.githubusercontent.com/u/127023220?v=4","gravatar_id":"","url":"https://api.github.com/users/Holbaev","html_url":"https://github.com/Holbaev","followers_url":"https://api.github.com/users/Holbaev/followers","following_url":"https://api.github.com/users/Holbaev/following{/other_user}","gists_url":"https://api.github.com/users/Holbaev/gists{/gist_id}","starred_url":"https://api.github.com/users/Holbaev/starred{/owner}{/repo}","subscriptions_url":"https://api.github.com/users/Holbaev/subscriptions","organizations_url":"https://api.github.com/users/Holbaev/orgs","repos_url":"https://api.github.com/users/Holbaev/repos","events_url":"https://api.github.com/users/Holbaev/events{/privacy}","received_events_url":"https://api.github.com/users/Holbaev/received_events","type":"User","site_admin":false,"name":"rsschool__Aiba","company":null,"blog":"","location":null,"email":null,"hireable":null,"bio":null,"twitter_username":null,"public_repos":13,"public_gists":0,"followers":0,"following":0,"created_at":"2023-03-05T11:13:14Z","updated_at":"2023-12-06T18:49:23Z","private_gists":0,"total_private_repos":2,"owned_private_repos":2,"disk_usage":114613,"collaborators":0,"two_factor_authentication":false,"plan":{"name":"free","space":976562499,"collaborators":0,"private_repos":10000}}
[info] 
[info] +  Success! Logged into GitHub as Holbaev 
[info] 
